Using pre-set license
Built from '2020.3/release' branch; Version is '2020.3.12f1 (b3b2c6512326) revision 11776710'; Using compiler version '192528614'; Build Type 'Release'
OS: 'Windows 10 Home; OS build 19043.1110; Version 2009; 64bit' Language: 'ko' Physical Memory: 16251 MB
BatchMode: 1, IsHumanControllingUs: 0, StartBugReporterOnCrash: 0, Is64bit: 1, IsPro: 0

 COMMAND LINE ARGUMENTS:
C:\Program Files\Unity\Hub\Editor\2020.3.12f1\Editor\Unity.exe
-adb2
-batchMode
-noUpm
-name
AssetImportWorker0
-projectPath
C:/Users/fabi8/UnityLearn/SwipeCar
-logFile
Logs/AssetImportWorker0.log
-srvPort
5465
Successfully changed project path to: C:/Users/fabi8/UnityLearn/SwipeCar
C:/Users/fabi8/UnityLearn/SwipeCar
Using Asset Import Pipeline V2.
Refreshing native plugins compatible for Editor in 63.82 ms, found 3 plugins.
Preloading 0 native plugins for Editor in 0.00 ms.
Initialize engine version: 2020.3.12f1 (b3b2c6512326)
[Subsystems] Discovering subsystems at path C:/Program Files/Unity/Hub/Editor/2020.3.12f1/Editor/Data/Resources/UnitySubsystems
[Subsystems] Discovering subsystems at path C:/Users/fabi8/UnityLearn/SwipeCar/Assets
GfxDevice: creating device client; threaded=0
Direct3D:
    Version:  Direct3D 11.0 [level 11.1]
    Renderer: NVIDIA GeForce GTX 970M (ID=0x13d8)
    Vendor:   
    VRAM:     3029 MB
    Driver:   27.21.14.6192
Initialize mono
Mono path[0] = 'C:/Program Files/Unity/Hub/Editor/2020.3.12f1/Editor/Data/Managed'
Mono path[1] = 'C:/Program Files/Unity/Hub/Editor/2020.3.12f1/Editor/Data/MonoBleedingEdge/lib/mono/unityjit'
Mono config path = 'C:/Program Files/Unity/Hub/Editor/2020.3.12f1/Editor/Data/MonoBleedingEdge/etc'
Using monoOptions --debugger-agent=transport=dt_socket,embedding=1,server=y,suspend=n,address=127.0.0.1:56624
Begin MonoManager ReloadAssembly
Registering precompiled unity dll's ...
Register platform support module: C:/Program Files/Unity/Hub/Editor/2020.3.12f1/Editor/Data/PlaybackEngines/WebGLSupport/UnityEditor.WebGL.Extensions.dll
Register platform support module: C:/Program Files/Unity/Hub/Editor/2020.3.12f1/Editor/Data/PlaybackEngines/WindowsStandaloneSupport/UnityEditor.WindowsStandalone.Extensions.dll
Registered in 0.004349 seconds.
Native extension for WindowsStandalone target not found
Native extension for WebGL target not found
Refreshing native plugins compatible for Editor in 48.67 ms, found 3 plugins.
Preloading 0 native plugins for Editor in 0.00 ms.
Mono: successfully reloaded assembly
- Completed reload, in  3.020 seconds
Platform modules already initialized, skipping
Registering precompiled user dll's ...
Registered in 0.007776 seconds.
Begin MonoManager ReloadAssembly
Native extension for WindowsStandalone target not found
Native extension for WebGL target not found
Refreshing native plugins compatible for Editor in 50.62 ms, found 3 plugins.
Preloading 0 native plugins for Editor in 0.00 ms.
Mono: successfully reloaded assembly
- Completed reload, in  1.639 seconds
Platform modules already initialized, skipping
========================================================================
Worker process is ready to serve import requests
Launched and connected shader compiler UnityShaderCompiler.exe after 0.07 seconds
Refreshing native plugins compatible for Editor in 0.44 ms, found 3 plugins.
Preloading 0 native plugins for Editor in 0.00 ms.
Unloading 2081 Unused Serialized files (Serialized files now loaded: 0)
System memory in use before: 95.4 MB.
System memory in use after: 95.3 MB.

Unloading 33 unused Assets to reduce memory usage. Loaded Objects now: 2513.
Total: 3.793800 ms (FindLiveObjects: 0.495100 ms CreateObjectMapping: 0.272000 ms MarkObjects: 2.833600 ms  DeleteObjects: 0.191900 ms)

AssetImportParameters requested are different than current active one (requested -> active):
  custom:framework-win-MediaFoundation: 216162199b28c13a410421893ffa2e32 -> 
  custom:video-decoder-ogg-theora: a1e56fd34408186e4bbccfd4996cb3dc -> 
  custom:container-muxer-webm: aa71ff27fc2769a1b78a27578f13a17b -> 
  custom:container-demuxer-webm: 4f35f7cbe854078d1ac9338744f61a02 -> 
  custom:container-demuxer-ogg: 62fdf1f143b41e24485cea50d1cbac27 -> 
  custom:video-encoder-webm-vp8: eb34c28f22e8b96e1ab97ce403110664 -> 
  custom:video-decoder-webm-vp8: 9c59270c3fd7afecdb556c50c9e8de78 -> 
  custom:audio-decoder-ogg-vorbis: bf7c407c2cedff20999df2af8eb42d56 -> 
  custom:audio-encoder-webm-vorbis: bf7c407c2cedff20999df2af8eb42d56 -> 
========================================================================
Received Import Request.
  path: Assets/ground.png
  artifactKey: Guid(dc08f3667e70d344bbf0cba580f844ec) Importer(815301076,1909f56bfc062723c751e8b465ee728b)
Start importing Assets/ground.png using Guid(dc08f3667e70d344bbf0cba580f844ec) Importer(815301076,1909f56bfc062723c751e8b465ee728b)  -> (artifact id: '0e05dbfe3e59f3de60abea29177f3ab2') in 0.126018 seconds 
  Import took 0.129684 seconds .

========================================================================
Received Import Request.
  Time since last request: 0.000501 seconds.
  path: Assets/flag.png
  artifactKey: Guid(ee26744d48fe1ec429956eecc1af91a2) Importer(815301076,1909f56bfc062723c751e8b465ee728b)
Start importing Assets/flag.png using Guid(ee26744d48fe1ec429956eecc1af91a2) Importer(815301076,1909f56bfc062723c751e8b465ee728b)  -> (artifact id: '5a60b128829b6ab2e007da7d0f868847') in 0.018749 seconds 
  Import took 0.022826 seconds .

========================================================================
Received Import Request.
  Time since last request: 0.000370 seconds.
  path: Assets/car.png
  artifactKey: Guid(93606ba16b1ece946b558ebf57b72e0a) Importer(815301076,1909f56bfc062723c751e8b465ee728b)
Start importing Assets/car.png using Guid(93606ba16b1ece946b558ebf57b72e0a) Importer(815301076,1909f56bfc062723c751e8b465ee728b)  -> (artifact id: 'bbdf60c81f230c2871650107528fe1a1') in 0.017206 seconds 
  Import took 0.021629 seconds .

========================================================================
Received Import Request.
  Time since last request: 0.000504 seconds.
  path: Assets/car_se.mp3
  artifactKey: Guid(7a9092b106827ac41a2df1d3f61f1c28) Importer(815301076,1909f56bfc062723c751e8b465ee728b)
Start importing Assets/car_se.mp3 using Guid(7a9092b106827ac41a2df1d3f61f1c28) Importer(815301076,1909f56bfc062723c751e8b465ee728b)  -> (artifact id: '0f5830506734c3eedc030798f190f571') in 0.081186 seconds 
  Import took 0.085659 seconds .

========================================================================
Received Import Request.
  Time since last request: 249.447063 seconds.
  path: Assets
  artifactKey: Guid(00000000000000001000000000000000) Importer(815301076,1909f56bfc062723c751e8b465ee728b)
Start importing Assets using Guid(00000000000000001000000000000000) Importer(815301076,1909f56bfc062723c751e8b465ee728b)  -> (artifact id: '42d402b061de3733987d63b9cc3b64de') in 0.006460 seconds 
  Import took 0.012403 seconds .

========================================================================
Received Import Request.
  Time since last request: 10.970033 seconds.
  path: Assets/CarController.cs
  artifactKey: Guid(c98454580938f6f468b5802a768bb79c) Importer(815301076,1909f56bfc062723c751e8b465ee728b)
Start importing Assets/CarController.cs using Guid(c98454580938f6f468b5802a768bb79c) Importer(815301076,1909f56bfc062723c751e8b465ee728b)  -> (artifact id: 'da96db16488b38e94df65dd4ebddab10') in 0.010102 seconds 
  Import took 0.015322 seconds .

========================================================================
Received Prepare
Registering precompiled user dll's ...
Registered in 0.007531 seconds.
Begin MonoManager ReloadAssembly
Native extension for WindowsStandalone target not found
Native extension for WebGL target not found
Refreshing native plugins compatible for Editor in 0.45 ms, found 3 plugins.
Preloading 0 native plugins for Editor in 0.00 ms.
Mono: successfully reloaded assembly
- Completed reload, in  1.421 seconds
Platform modules already initialized, skipping
Switching build target platform(19) subTarget(0) extendedPlatform(0) -> platform(13) subTarget(537395200) extendedPlatform(0)
Refreshing native plugins compatible for Editor in 0.80 ms, found 3 plugins.
Preloading 0 native plugins for Editor in 0.00 ms.
Unloading 2080 Unused Serialized files (Serialized files now loaded: 0)
System memory in use before: 98.4 MB.
System memory in use after: 98.4 MB.

Unloading 21 unused Assets to reduce memory usage. Loaded Objects now: 2533.
Total: 3.825700 ms (FindLiveObjects: 0.304600 ms CreateObjectMapping: 0.139800 ms MarkObjects: 3.250800 ms  DeleteObjects: 0.128800 ms)

AssetImportParameters requested are different than current active one (requested -> active):
  custom:framework-win-MediaFoundation: 216162199b28c13a410421893ffa2e32 -> 
  custom:video-decoder-ogg-theora: a1e56fd34408186e4bbccfd4996cb3dc -> 
  custom:container-muxer-webm: aa71ff27fc2769a1b78a27578f13a17b -> 
  custom:container-demuxer-webm: 4f35f7cbe854078d1ac9338744f61a02 -> 
  custom:container-demuxer-ogg: 62fdf1f143b41e24485cea50d1cbac27 -> 
  custom:video-encoder-webm-vp8: eb34c28f22e8b96e1ab97ce403110664 -> 
  custom:video-decoder-webm-vp8: 9c59270c3fd7afecdb556c50c9e8de78 -> 
  custom:graphics/normal-map-encoding: 01000000000000000000000000000000 -> 02000000000000000000000000000000
  custom:audio-decoder-ogg-vorbis: bf7c407c2cedff20999df2af8eb42d56 -> 
  custom:audio-encoder-webm-vorbis: bf7c407c2cedff20999df2af8eb42d56 -> 
========================================================================
Received Import Request.
  Time since last request: 206.323890 seconds.
  path: Assets/CarController.cs
  artifactKey: Guid(c98454580938f6f468b5802a768bb79c) Importer(815301076,1909f56bfc062723c751e8b465ee728b)
Start importing Assets/CarController.cs using Guid(c98454580938f6f468b5802a768bb79c) Importer(815301076,1909f56bfc062723c751e8b465ee728b)  -> (artifact id: '50b4a09f1c441ec82461773a493fcab9') in 0.011347 seconds 
  Import took 0.016653 seconds .

========================================================================
Received Import Request.
  Time since last request: 32.784676 seconds.
  path: Assets/CarController.cs
  artifactKey: Guid(c98454580938f6f468b5802a768bb79c) Importer(815301076,1909f56bfc062723c751e8b465ee728b)
Start importing Assets/CarController.cs using Guid(c98454580938f6f468b5802a768bb79c) Importer(815301076,1909f56bfc062723c751e8b465ee728b)  -> (artifact id: '0f32ce7d821cd215a05e9079fcd7284d') in 0.006099 seconds 
  Import took 0.011081 seconds .

========================================================================
Received Import Request.
  Time since last request: 9.665945 seconds.
  path: Assets/CarController.cs
  artifactKey: Guid(c98454580938f6f468b5802a768bb79c) Importer(815301076,1909f56bfc062723c751e8b465ee728b)
Start importing Assets/CarController.cs using Guid(c98454580938f6f468b5802a768bb79c) Importer(815301076,1909f56bfc062723c751e8b465ee728b)  -> (artifact id: '454964da386be0427767f9ea3aaf7333') in 0.005592 seconds 
  Import took 0.011968 seconds .

========================================================================
Received Import Request.
  Time since last request: 21.125515 seconds.
  path: Assets/CarController.cs
  artifactKey: Guid(c98454580938f6f468b5802a768bb79c) Importer(815301076,1909f56bfc062723c751e8b465ee728b)
Start importing Assets/CarController.cs using Guid(c98454580938f6f468b5802a768bb79c) Importer(815301076,1909f56bfc062723c751e8b465ee728b)  -> (artifact id: '3f4126f627054c02eec50b4330a90d42') in 0.009334 seconds 
  Import took 0.016037 seconds .

========================================================================
Received Prepare
Registering precompiled user dll's ...
Registered in 0.011268 seconds.
Begin MonoManager ReloadAssembly
Native extension for WindowsStandalone target not found
Native extension for WebGL target not found
Refreshing native plugins compatible for Editor in 0.55 ms, found 3 plugins.
Preloading 0 native plugins for Editor in 0.00 ms.
Mono: successfully reloaded assembly
- Completed reload, in  1.588 seconds
Platform modules already initialized, skipping
Switching build target platform(19) subTarget(0) extendedPlatform(0) -> platform(13) subTarget(537395200) extendedPlatform(0)
Refreshing native plugins compatible for Editor in 2.00 ms, found 3 plugins.
Preloading 0 native plugins for Editor in 0.00 ms.
Unloading 2080 Unused Serialized files (Serialized files now loaded: 0)
System memory in use before: 98.5 MB.
System memory in use after: 98.4 MB.

Unloading 21 unused Assets to reduce memory usage. Loaded Objects now: 2537.
Total: 4.020000 ms (FindLiveObjects: 0.354900 ms CreateObjectMapping: 0.225700 ms MarkObjects: 3.302100 ms  DeleteObjects: 0.135700 ms)

AssetImportParameters requested are different than current active one (requested -> active):
  custom:framework-win-MediaFoundation: 216162199b28c13a410421893ffa2e32 -> 
  custom:video-decoder-ogg-theora: a1e56fd34408186e4bbccfd4996cb3dc -> 
  custom:container-muxer-webm: aa71ff27fc2769a1b78a27578f13a17b -> 
  custom:container-demuxer-webm: 4f35f7cbe854078d1ac9338744f61a02 -> 
  custom:container-demuxer-ogg: 62fdf1f143b41e24485cea50d1cbac27 -> 
  custom:video-encoder-webm-vp8: eb34c28f22e8b96e1ab97ce403110664 -> 
  custom:video-decoder-webm-vp8: 9c59270c3fd7afecdb556c50c9e8de78 -> 
  custom:graphics/normal-map-encoding: 01000000000000000000000000000000 -> 02000000000000000000000000000000
  custom:audio-decoder-ogg-vorbis: bf7c407c2cedff20999df2af8eb42d56 -> 
  custom:audio-encoder-webm-vorbis: bf7c407c2cedff20999df2af8eb42d56 -> 
========================================================================
Received Import Request.
  Time since last request: 50.466626 seconds.
  path: Assets/CarController.cs
  artifactKey: Guid(c98454580938f6f468b5802a768bb79c) Importer(815301076,1909f56bfc062723c751e8b465ee728b)
Start importing Assets/CarController.cs using Guid(c98454580938f6f468b5802a768bb79c) Importer(815301076,1909f56bfc062723c751e8b465ee728b)  -> (artifact id: '5fc6bd6817ede9d56bcb5313fe4d6a2a') in 0.008441 seconds 
  Import took 0.012233 seconds .

========================================================================
Received Prepare
Registering precompiled user dll's ...
Registered in 0.011584 seconds.
Begin MonoManager ReloadAssembly
Native extension for WindowsStandalone target not found
Native extension for WebGL target not found
Refreshing native plugins compatible for Editor in 0.45 ms, found 3 plugins.
Preloading 0 native plugins for Editor in 0.00 ms.
Mono: successfully reloaded assembly
- Completed reload, in  1.735 seconds
Platform modules already initialized, skipping
Switching build target platform(19) subTarget(0) extendedPlatform(0) -> platform(13) subTarget(537395200) extendedPlatform(0)
Refreshing native plugins compatible for Editor in 0.44 ms, found 3 plugins.
Preloading 0 native plugins for Editor in 0.00 ms.
Unloading 2080 Unused Serialized files (Serialized files now loaded: 0)
System memory in use before: 98.5 MB.
System memory in use after: 98.5 MB.

Unloading 21 unused Assets to reduce memory usage. Loaded Objects now: 2541.
Total: 3.203900 ms (FindLiveObjects: 0.203400 ms CreateObjectMapping: 0.071300 ms MarkObjects: 2.772300 ms  DeleteObjects: 0.156000 ms)

AssetImportParameters requested are different than current active one (requested -> active):
  custom:framework-win-MediaFoundation: 216162199b28c13a410421893ffa2e32 -> 
  custom:video-decoder-ogg-theora: a1e56fd34408186e4bbccfd4996cb3dc -> 
  custom:container-muxer-webm: aa71ff27fc2769a1b78a27578f13a17b -> 
  custom:container-demuxer-webm: 4f35f7cbe854078d1ac9338744f61a02 -> 
  custom:container-demuxer-ogg: 62fdf1f143b41e24485cea50d1cbac27 -> 
  custom:video-encoder-webm-vp8: eb34c28f22e8b96e1ab97ce403110664 -> 
  custom:video-decoder-webm-vp8: 9c59270c3fd7afecdb556c50c9e8de78 -> 
  custom:graphics/normal-map-encoding: 01000000000000000000000000000000 -> 02000000000000000000000000000000
  custom:audio-decoder-ogg-vorbis: bf7c407c2cedff20999df2af8eb42d56 -> 
  custom:audio-encoder-webm-vorbis: bf7c407c2cedff20999df2af8eb42d56 -> 
========================================================================
Received Import Request.
  Time since last request: 288.857439 seconds.
  path: Assets/CarController.cs
  artifactKey: Guid(c98454580938f6f468b5802a768bb79c) Importer(815301076,1909f56bfc062723c751e8b465ee728b)
Start importing Assets/CarController.cs using Guid(c98454580938f6f468b5802a768bb79c) Importer(815301076,1909f56bfc062723c751e8b465ee728b)  -> (artifact id: 'c48a85473032b4b0feb44ea1d6f5ef18') in 0.006838 seconds 
  Import took 0.010631 seconds .

========================================================================
Received Prepare
Registering precompiled user dll's ...
Registered in 0.009102 seconds.
Begin MonoManager ReloadAssembly
Native extension for WindowsStandalone target not found
Native extension for WebGL target not found
Refreshing native plugins compatible for Editor in 0.48 ms, found 3 plugins.
Preloading 0 native plugins for Editor in 0.00 ms.
Mono: successfully reloaded assembly
- Completed reload, in  1.922 seconds
Platform modules already initialized, skipping
Switching build target platform(19) subTarget(0) extendedPlatform(0) -> platform(13) subTarget(537395200) extendedPlatform(0)
Refreshing native plugins compatible for Editor in 0.47 ms, found 3 plugins.
Preloading 0 native plugins for Editor in 0.00 ms.
Unloading 2080 Unused Serialized files (Serialized files now loaded: 0)
System memory in use before: 98.5 MB.
System memory in use after: 98.5 MB.

Unloading 21 unused Assets to reduce memory usage. Loaded Objects now: 2545.
Total: 3.173600 ms (FindLiveObjects: 0.330200 ms CreateObjectMapping: 0.111100 ms MarkObjects: 2.596700 ms  DeleteObjects: 0.134300 ms)

AssetImportParameters requested are different than current active one (requested -> active):
  custom:framework-win-MediaFoundation: 216162199b28c13a410421893ffa2e32 -> 
  custom:video-decoder-ogg-theora: a1e56fd34408186e4bbccfd4996cb3dc -> 
  custom:container-muxer-webm: aa71ff27fc2769a1b78a27578f13a17b -> 
  custom:container-demuxer-webm: 4f35f7cbe854078d1ac9338744f61a02 -> 
  custom:container-demuxer-ogg: 62fdf1f143b41e24485cea50d1cbac27 -> 
  custom:video-encoder-webm-vp8: eb34c28f22e8b96e1ab97ce403110664 -> 
  custom:video-decoder-webm-vp8: 9c59270c3fd7afecdb556c50c9e8de78 -> 
  custom:graphics/normal-map-encoding: 01000000000000000000000000000000 -> 02000000000000000000000000000000
  custom:audio-decoder-ogg-vorbis: bf7c407c2cedff20999df2af8eb42d56 -> 
  custom:audio-encoder-webm-vorbis: bf7c407c2cedff20999df2af8eb42d56 -> 
========================================================================
Received Import Request.
  Time since last request: 17.367870 seconds.
  path: Assets/CarController.cs
  artifactKey: Guid(c98454580938f6f468b5802a768bb79c) Importer(815301076,1909f56bfc062723c751e8b465ee728b)
Start importing Assets/CarController.cs using Guid(c98454580938f6f468b5802a768bb79c) Importer(815301076,1909f56bfc062723c751e8b465ee728b)  -> (artifact id: '57f0c54b0d05d518cf231322050825f0') in 0.007320 seconds 
  Import took 0.011274 seconds .

========================================================================
Received Prepare
Registering precompiled user dll's ...
Registered in 0.007665 seconds.
Begin MonoManager ReloadAssembly
Native extension for WindowsStandalone target not found
Native extension for WebGL target not found
Refreshing native plugins compatible for Editor in 0.45 ms, found 3 plugins.
Preloading 0 native plugins for Editor in 0.00 ms.
Mono: successfully reloaded assembly
- Completed reload, in  1.316 seconds
Platform modules already initialized, skipping
Switching build target platform(19) subTarget(0) extendedPlatform(0) -> platform(13) subTarget(537395200) extendedPlatform(0)
Refreshing native plugins compatible for Editor in 0.44 ms, found 3 plugins.
Preloading 0 native plugins for Editor in 0.00 ms.
Unloading 2081 Unused Serialized files (Serialized files now loaded: 0)
System memory in use before: 98.5 MB.
System memory in use after: 98.5 MB.

Unloading 21 unused Assets to reduce memory usage. Loaded Objects now: 2550.
Total: 2.738700 ms (FindLiveObjects: 0.246400 ms CreateObjectMapping: 0.088300 ms MarkObjects: 2.196500 ms  DeleteObjects: 0.206500 ms)

AssetImportParameters requested are different than current active one (requested -> active):
  custom:framework-win-MediaFoundation: 216162199b28c13a410421893ffa2e32 -> 
  custom:video-decoder-ogg-theora: a1e56fd34408186e4bbccfd4996cb3dc -> 
  custom:container-muxer-webm: aa71ff27fc2769a1b78a27578f13a17b -> 
  custom:container-demuxer-webm: 4f35f7cbe854078d1ac9338744f61a02 -> 
  custom:container-demuxer-ogg: 62fdf1f143b41e24485cea50d1cbac27 -> 
  custom:video-encoder-webm-vp8: eb34c28f22e8b96e1ab97ce403110664 -> 
  custom:video-decoder-webm-vp8: 9c59270c3fd7afecdb556c50c9e8de78 -> 
  custom:graphics/normal-map-encoding: 01000000000000000000000000000000 -> 02000000000000000000000000000000
  custom:audio-decoder-ogg-vorbis: bf7c407c2cedff20999df2af8eb42d56 -> 
  custom:audio-encoder-webm-vorbis: bf7c407c2cedff20999df2af8eb42d56 -> 
========================================================================
Received Import Request.
  Time since last request: 415.633881 seconds.
  path: Assets/GameDirector.cs
  artifactKey: Guid(a0521869aadaad84aa2422eaddae582e) Importer(815301076,1909f56bfc062723c751e8b465ee728b)
Start importing Assets/GameDirector.cs using Guid(a0521869aadaad84aa2422eaddae582e) Importer(815301076,1909f56bfc062723c751e8b465ee728b)  -> (artifact id: 'e71fbbb60f7d1f6f068e01ea9a39184a') in 0.007901 seconds 
  Import took 0.011589 seconds .

========================================================================
Received Prepare
Registering precompiled user dll's ...
Registered in 0.008853 seconds.
Begin MonoManager ReloadAssembly
Native extension for WindowsStandalone target not found
Native extension for WebGL target not found
Refreshing native plugins compatible for Editor in 0.61 ms, found 3 plugins.
Preloading 0 native plugins for Editor in 0.00 ms.
Mono: successfully reloaded assembly
- Completed reload, in  1.712 seconds
Platform modules already initialized, skipping
Switching build target platform(19) subTarget(0) extendedPlatform(0) -> platform(13) subTarget(537395200) extendedPlatform(0)
Refreshing native plugins compatible for Editor in 0.66 ms, found 3 plugins.
Preloading 0 native plugins for Editor in 0.00 ms.
Unloading 2081 Unused Serialized files (Serialized files now loaded: 0)
System memory in use before: 98.5 MB.
System memory in use after: 98.5 MB.

Unloading 21 unused Assets to reduce memory usage. Loaded Objects now: 2554.
Total: 2.707000 ms (FindLiveObjects: 0.209500 ms CreateObjectMapping: 0.072200 ms MarkObjects: 2.252900 ms  DeleteObjects: 0.171400 ms)

AssetImportParameters requested are different than current active one (requested -> active):
  custom:framework-win-MediaFoundation: 216162199b28c13a410421893ffa2e32 -> 
  custom:video-decoder-ogg-theora: a1e56fd34408186e4bbccfd4996cb3dc -> 
  custom:container-muxer-webm: aa71ff27fc2769a1b78a27578f13a17b -> 
  custom:container-demuxer-webm: 4f35f7cbe854078d1ac9338744f61a02 -> 
  custom:container-demuxer-ogg: 62fdf1f143b41e24485cea50d1cbac27 -> 
  custom:video-encoder-webm-vp8: eb34c28f22e8b96e1ab97ce403110664 -> 
  custom:video-decoder-webm-vp8: 9c59270c3fd7afecdb556c50c9e8de78 -> 
  custom:graphics/normal-map-encoding: 01000000000000000000000000000000 -> 02000000000000000000000000000000
  custom:audio-decoder-ogg-vorbis: bf7c407c2cedff20999df2af8eb42d56 -> 
  custom:audio-encoder-webm-vorbis: bf7c407c2cedff20999df2af8eb42d56 -> 
========================================================================
Received Import Request.
  Time since last request: 240.621438 seconds.
  path: Assets/GameDirector.cs
  artifactKey: Guid(a0521869aadaad84aa2422eaddae582e) Importer(815301076,1909f56bfc062723c751e8b465ee728b)
Start importing Assets/GameDirector.cs using Guid(a0521869aadaad84aa2422eaddae582e) Importer(815301076,1909f56bfc062723c751e8b465ee728b)  -> (artifact id: 'a361d39e78787da20498f1a64041c573') in 0.010504 seconds 
  Import took 0.015468 seconds .

========================================================================
Received Import Request.
  Time since last request: 12.114692 seconds.
  path: Assets/GameDirector.cs
  artifactKey: Guid(a0521869aadaad84aa2422eaddae582e) Importer(815301076,1909f56bfc062723c751e8b465ee728b)
Start importing Assets/GameDirector.cs using Guid(a0521869aadaad84aa2422eaddae582e) Importer(815301076,1909f56bfc062723c751e8b465ee728b)  -> (artifact id: '881dbea59094184101d85010cff1bbb0') in 0.006784 seconds 
  Import took 0.012040 seconds .

========================================================================
Received Prepare
Registering precompiled user dll's ...
Registered in 0.007667 seconds.
Begin MonoManager ReloadAssembly
Native extension for WindowsStandalone target not found
Native extension for WebGL target not found
Refreshing native plugins compatible for Editor in 0.49 ms, found 3 plugins.
Preloading 0 native plugins for Editor in 0.00 ms.
Mono: successfully reloaded assembly
- Completed reload, in  1.691 seconds
Platform modules already initialized, skipping
Switching build target platform(19) subTarget(0) extendedPlatform(0) -> platform(13) subTarget(537395200) extendedPlatform(0)
Refreshing native plugins compatible for Editor in 0.62 ms, found 3 plugins.
Preloading 0 native plugins for Editor in 0.00 ms.
Unloading 2081 Unused Serialized files (Serialized files now loaded: 0)
System memory in use before: 98.6 MB.
System memory in use after: 98.5 MB.

Unloading 21 unused Assets to reduce memory usage. Loaded Objects now: 2558.
Total: 2.903600 ms (FindLiveObjects: 0.207500 ms CreateObjectMapping: 0.077300 ms MarkObjects: 2.442000 ms  DeleteObjects: 0.175800 ms)

AssetImportParameters requested are different than current active one (requested -> active):
  custom:framework-win-MediaFoundation: 216162199b28c13a410421893ffa2e32 -> 
  custom:video-decoder-ogg-theora: a1e56fd34408186e4bbccfd4996cb3dc -> 
  custom:container-muxer-webm: aa71ff27fc2769a1b78a27578f13a17b -> 
  custom:container-demuxer-webm: 4f35f7cbe854078d1ac9338744f61a02 -> 
  custom:container-demuxer-ogg: 62fdf1f143b41e24485cea50d1cbac27 -> 
  custom:video-encoder-webm-vp8: eb34c28f22e8b96e1ab97ce403110664 -> 
  custom:video-decoder-webm-vp8: 9c59270c3fd7afecdb556c50c9e8de78 -> 
  custom:graphics/normal-map-encoding: 01000000000000000000000000000000 -> 02000000000000000000000000000000
  custom:audio-decoder-ogg-vorbis: bf7c407c2cedff20999df2af8eb42d56 -> 
  custom:audio-encoder-webm-vorbis: bf7c407c2cedff20999df2af8eb42d56 -> 
========================================================================
Received Import Request.
  Time since last request: 34.660618 seconds.
  path: Assets/GameDirector.cs
  artifactKey: Guid(a0521869aadaad84aa2422eaddae582e) Importer(815301076,1909f56bfc062723c751e8b465ee728b)
Start importing Assets/GameDirector.cs using Guid(a0521869aadaad84aa2422eaddae582e) Importer(815301076,1909f56bfc062723c751e8b465ee728b)  -> (artifact id: '0c2c638b086aea205e9efcfd5bbfb501') in 0.007276 seconds 
  Import took 0.010683 seconds .

========================================================================
Received Prepare
Registering precompiled user dll's ...
Registered in 0.008106 seconds.
Begin MonoManager ReloadAssembly
Native extension for WindowsStandalone target not found
Native extension for WebGL target not found
Refreshing native plugins compatible for Editor in 0.70 ms, found 3 plugins.
Preloading 0 native plugins for Editor in 0.00 ms.
Mono: successfully reloaded assembly
- Completed reload, in  1.505 seconds
Platform modules already initialized, skipping
Switching build target platform(19) subTarget(0) extendedPlatform(0) -> platform(13) subTarget(537395200) extendedPlatform(0)
Refreshing native plugins compatible for Editor in 0.45 ms, found 3 plugins.
Preloading 0 native plugins for Editor in 0.00 ms.
Unloading 2081 Unused Serialized files (Serialized files now loaded: 0)
System memory in use before: 98.6 MB.
System memory in use after: 98.5 MB.

Unloading 21 unused Assets to reduce memory usage. Loaded Objects now: 2562.
Total: 3.467200 ms (FindLiveObjects: 0.210800 ms CreateObjectMapping: 0.069900 ms MarkObjects: 2.943000 ms  DeleteObjects: 0.242300 ms)

AssetImportParameters requested are different than current active one (requested -> active):
  custom:framework-win-MediaFoundation: 216162199b28c13a410421893ffa2e32 -> 
  custom:video-decoder-ogg-theora: a1e56fd34408186e4bbccfd4996cb3dc -> 
  custom:container-muxer-webm: aa71ff27fc2769a1b78a27578f13a17b -> 
  custom:container-demuxer-webm: 4f35f7cbe854078d1ac9338744f61a02 -> 
  custom:container-demuxer-ogg: 62fdf1f143b41e24485cea50d1cbac27 -> 
  custom:video-encoder-webm-vp8: eb34c28f22e8b96e1ab97ce403110664 -> 
  custom:video-decoder-webm-vp8: 9c59270c3fd7afecdb556c50c9e8de78 -> 
  custom:graphics/normal-map-encoding: 01000000000000000000000000000000 -> 02000000000000000000000000000000
  custom:audio-decoder-ogg-vorbis: bf7c407c2cedff20999df2af8eb42d56 -> 
  custom:audio-encoder-webm-vorbis: bf7c407c2cedff20999df2af8eb42d56 -> 
========================================================================
Received Prepare
Registering precompiled user dll's ...
Registered in 0.009340 seconds.
Begin MonoManager ReloadAssembly
Native extension for WindowsStandalone target not found
Native extension for WebGL target not found
Refreshing native plugins compatible for Editor in 0.45 ms, found 3 plugins.
Preloading 0 native plugins for Editor in 0.00 ms.
Mono: successfully reloaded assembly
- Completed reload, in  1.339 seconds
Platform modules already initialized, skipping
Switching build target platform(19) subTarget(0) extendedPlatform(0) -> platform(13) subTarget(537395200) extendedPlatform(0)
Refreshing native plugins compatible for Editor in 0.44 ms, found 3 plugins.
Preloading 0 native plugins for Editor in 0.00 ms.
Unloading 2081 Unused Serialized files (Serialized files now loaded: 0)
System memory in use before: 98.6 MB.
System memory in use after: 98.6 MB.

Unloading 21 unused Assets to reduce memory usage. Loaded Objects now: 2566.
Total: 3.205000 ms (FindLiveObjects: 0.198700 ms CreateObjectMapping: 0.086000 ms MarkObjects: 2.794600 ms  DeleteObjects: 0.124600 ms)

AssetImportParameters requested are different than current active one (requested -> active):
  custom:framework-win-MediaFoundation: 216162199b28c13a410421893ffa2e32 -> 
  custom:video-decoder-ogg-theora: a1e56fd34408186e4bbccfd4996cb3dc -> 
  custom:container-muxer-webm: aa71ff27fc2769a1b78a27578f13a17b -> 
  custom:container-demuxer-webm: 4f35f7cbe854078d1ac9338744f61a02 -> 
  custom:container-demuxer-ogg: 62fdf1f143b41e24485cea50d1cbac27 -> 
  custom:video-encoder-webm-vp8: eb34c28f22e8b96e1ab97ce403110664 -> 
  custom:video-decoder-webm-vp8: 9c59270c3fd7afecdb556c50c9e8de78 -> 
  custom:graphics/normal-map-encoding: 01000000000000000000000000000000 -> 02000000000000000000000000000000
  custom:audio-decoder-ogg-vorbis: bf7c407c2cedff20999df2af8eb42d56 -> 
  custom:audio-encoder-webm-vorbis: bf7c407c2cedff20999df2af8eb42d56 -> 
========================================================================
Received Prepare
Registering precompiled user dll's ...
Registered in 0.007766 seconds.
Begin MonoManager ReloadAssembly
Native extension for WindowsStandalone target not found
Native extension for WebGL target not found
Refreshing native plugins compatible for Editor in 0.95 ms, found 3 plugins.
Preloading 0 native plugins for Editor in 0.00 ms.
Mono: successfully reloaded assembly
- Completed reload, in  2.301 seconds
Platform modules already initialized, skipping
Switching build target platform(19) subTarget(0) extendedPlatform(0) -> platform(13) subTarget(537395200) extendedPlatform(0)
Refreshing native plugins compatible for Editor in 0.44 ms, found 3 plugins.
Preloading 0 native plugins for Editor in 0.00 ms.
Unloading 2081 Unused Serialized files (Serialized files now loaded: 0)
System memory in use before: 98.6 MB.
System memory in use after: 98.6 MB.

Unloading 21 unused Assets to reduce memory usage. Loaded Objects now: 2570.
Total: 2.956600 ms (FindLiveObjects: 0.209300 ms CreateObjectMapping: 0.077900 ms MarkObjects: 2.517800 ms  DeleteObjects: 0.150800 ms)

AssetImportParameters requested are different than current active one (requested -> active):
  custom:framework-win-MediaFoundation: 216162199b28c13a410421893ffa2e32 -> 
  custom:video-decoder-ogg-theora: a1e56fd34408186e4bbccfd4996cb3dc -> 
  custom:container-muxer-webm: aa71ff27fc2769a1b78a27578f13a17b -> 
  custom:container-demuxer-webm: 4f35f7cbe854078d1ac9338744f61a02 -> 
  custom:container-demuxer-ogg: 62fdf1f143b41e24485cea50d1cbac27 -> 
  custom:video-encoder-webm-vp8: eb34c28f22e8b96e1ab97ce403110664 -> 
  custom:video-decoder-webm-vp8: 9c59270c3fd7afecdb556c50c9e8de78 -> 
  custom:graphics/normal-map-encoding: 01000000000000000000000000000000 -> 02000000000000000000000000000000
  custom:audio-decoder-ogg-vorbis: bf7c407c2cedff20999df2af8eb42d56 -> 
  custom:audio-encoder-webm-vorbis: bf7c407c2cedff20999df2af8eb42d56 -> 
========================================================================
Received Prepare
Registering precompiled user dll's ...
Registered in 0.010342 seconds.
Begin MonoManager ReloadAssembly
Native extension for WindowsStandalone target not found
Native extension for WebGL target not found
Refreshing native plugins compatible for Editor in 0.85 ms, found 3 plugins.
Preloading 0 native plugins for Editor in 0.00 ms.
Mono: successfully reloaded assembly
- Completed reload, in  1.652 seconds
Platform modules already initialized, skipping
Switching build target platform(19) subTarget(0) extendedPlatform(0) -> platform(13) subTarget(537395200) extendedPlatform(0)
Refreshing native plugins compatible for Editor in 0.59 ms, found 3 plugins.
Preloading 0 native plugins for Editor in 0.00 ms.
Unloading 2081 Unused Serialized files (Serialized files now loaded: 0)
System memory in use before: 98.6 MB.
System memory in use after: 98.6 MB.

Unloading 21 unused Assets to reduce memory usage. Loaded Objects now: 2574.
Total: 3.194800 ms (FindLiveObjects: 0.193600 ms CreateObjectMapping: 0.086100 ms MarkObjects: 2.750400 ms  DeleteObjects: 0.163100 ms)

AssetImportParameters requested are different than current active one (requested -> active):
  custom:framework-win-MediaFoundation: 216162199b28c13a410421893ffa2e32 -> 
  custom:video-decoder-ogg-theora: a1e56fd34408186e4bbccfd4996cb3dc -> 
  custom:container-muxer-webm: aa71ff27fc2769a1b78a27578f13a17b -> 
  custom:container-demuxer-webm: 4f35f7cbe854078d1ac9338744f61a02 -> 
  custom:container-demuxer-ogg: 62fdf1f143b41e24485cea50d1cbac27 -> 
  custom:video-encoder-webm-vp8: eb34c28f22e8b96e1ab97ce403110664 -> 
  custom:video-decoder-webm-vp8: 9c59270c3fd7afecdb556c50c9e8de78 -> 
  custom:graphics/normal-map-encoding: 01000000000000000000000000000000 -> 02000000000000000000000000000000
  custom:audio-decoder-ogg-vorbis: bf7c407c2cedff20999df2af8eb42d56 -> 
  custom:audio-encoder-webm-vorbis: bf7c407c2cedff20999df2af8eb42d56 -> 
========================================================================
Received Prepare
Registering precompiled user dll's ...
Registered in 0.008096 seconds.
Begin MonoManager ReloadAssembly
Native extension for WindowsStandalone target not found
Native extension for WebGL target not found
Refreshing native plugins compatible for Editor in 0.65 ms, found 3 plugins.
Preloading 0 native plugins for Editor in 0.00 ms.
Mono: successfully reloaded assembly
- Completed reload, in  1.591 seconds
Platform modules already initialized, skipping
Switching build target platform(19) subTarget(0) extendedPlatform(0) -> platform(13) subTarget(537395200) extendedPlatform(0)
Refreshing native plugins compatible for Editor in 0.45 ms, found 3 plugins.
Preloading 0 native plugins for Editor in 0.00 ms.
Unloading 2081 Unused Serialized files (Serialized files now loaded: 0)
System memory in use before: 98.6 MB.
System memory in use after: 98.6 MB.

Unloading 21 unused Assets to reduce memory usage. Loaded Objects now: 2578.
Total: 3.292700 ms (FindLiveObjects: 0.314300 ms CreateObjectMapping: 0.184000 ms MarkObjects: 2.655200 ms  DeleteObjects: 0.138000 ms)

AssetImportParameters requested are different than current active one (requested -> active):
  custom:framework-win-MediaFoundation: 216162199b28c13a410421893ffa2e32 -> 
  custom:video-decoder-ogg-theora: a1e56fd34408186e4bbccfd4996cb3dc -> 
  custom:container-muxer-webm: aa71ff27fc2769a1b78a27578f13a17b -> 
  custom:container-demuxer-webm: 4f35f7cbe854078d1ac9338744f61a02 -> 
  custom:container-demuxer-ogg: 62fdf1f143b41e24485cea50d1cbac27 -> 
  custom:video-encoder-webm-vp8: eb34c28f22e8b96e1ab97ce403110664 -> 
  custom:video-decoder-webm-vp8: 9c59270c3fd7afecdb556c50c9e8de78 -> 
  custom:graphics/normal-map-encoding: 01000000000000000000000000000000 -> 02000000000000000000000000000000
  custom:audio-decoder-ogg-vorbis: bf7c407c2cedff20999df2af8eb42d56 -> 
  custom:audio-encoder-webm-vorbis: bf7c407c2cedff20999df2af8eb42d56 -> 
========================================================================
Received Prepare
Refreshing native plugins compatible for Editor in 9.35 ms, found 3 plugins.
Preloading 0 native plugins for Editor in 0.00 ms.
Unloading 19 Unused Serialized files (Serialized files now loaded: 0)
System memory in use before: 57.9 MB.
System memory in use after: 57.9 MB.

Unloading 19 unused Assets to reduce memory usage. Loaded Objects now: 2578.
Total: 3.025500 ms (FindLiveObjects: 0.224100 ms CreateObjectMapping: 0.075700 ms MarkObjects: 2.553000 ms  DeleteObjects: 0.171600 ms)

AssetImportParameters requested are different than current active one (requested -> active):
  custom:framework-win-MediaFoundation: 216162199b28c13a410421893ffa2e32 -> 
  custom:video-decoder-ogg-theora: a1e56fd34408186e4bbccfd4996cb3dc -> 
  custom:container-muxer-webm: aa71ff27fc2769a1b78a27578f13a17b -> 
  custom:container-demuxer-webm: 4f35f7cbe854078d1ac9338744f61a02 -> 
  custom:container-demuxer-ogg: 62fdf1f143b41e24485cea50d1cbac27 -> 
  custom:video-encoder-webm-vp8: eb34c28f22e8b96e1ab97ce403110664 -> 
  custom:video-decoder-webm-vp8: 9c59270c3fd7afecdb556c50c9e8de78 -> 
  custom:audio-decoder-ogg-vorbis: bf7c407c2cedff20999df2af8eb42d56 -> 
  custom:audio-encoder-webm-vorbis: bf7c407c2cedff20999df2af8eb42d56 -> 
AssetImportWorkerClient::OnTransportError - code=2 error=End of file
